<?xml version="1.0" encoding="UTF-8"?>
<!-- Generated by org.testng.reporters.JUnitReportReporter -->
<testsuite skipped="0" hostname="DESKTOP-CF1JAD9" name="SelniCmd.Annnot" tests="2" failures="0" timestamp="02 Jan 2020 08:00:13 GMT" time="24.849" errors="0">
  <testcase name="verifyLogin" time="14.511" classname="SelniCmd.Annnot"/>
  <testcase name="verifyLogin" time="10.338" classname="SelniCmd.Annnot"/>
</testsuite> <!-- SelniCmd.Annnot -->
